<?xml version="1.0" encoding="UTF-8"?>
<testsuite name="com.heven.calculator.CalculatorApplicationTests" tests="1" skipped="0" failures="0" errors="0" timestamp="2021-11-04T19:48:13" hostname="shayla" time="0.454">
  <properties/>
  <testcase name="contextLoads()" classname="com.heven.calculator.CalculatorApplicationTests" time="0.454"/>
  <system-out><![CDATA[19:48:07.817 [Test worker] DEBUG org.springframework.test.context.BootstrapUtils - Instantiating CacheAwareContextLoaderDelegate from class [org.springframework.test.context.cache.DefaultCacheAwareContextLoaderDelegate]
19:48:07.847 [Test worker] DEBUG org.springframework.test.context.BootstrapUtils - Instantiating BootstrapContext using constructor [public org.springframework.test.context.support.DefaultBootstrapContext(java.lang.Class,org.springframework.test.context.CacheAwareContextLoaderDelegate)]
19:48:07.926 [Test worker] DEBUG org.springframework.test.context.BootstrapUtils - Instantiating TestContextBootstrapper for test class [com.heven.calculator.CalculatorApplicationTests] from class [org.springframework.boot.test.context.SpringBootTestContextBootstrapper]
19:48:07.953 [Test worker] INFO org.springframework.boot.test.context.SpringBootTestContextBootstrapper - Neither @ContextConfiguration nor @ContextHierarchy found for test class [com.heven.calculator.CalculatorApplicationTests], using SpringBootContextLoader
19:48:07.966 [Test worker] DEBUG org.springframework.test.context.support.AbstractContextLoader - Did not detect default resource location for test class [com.heven.calculator.CalculatorApplicationTests]: class path resource [com/heven/calculator/CalculatorApplicationTests-context.xml] does not exist
19:48:07.967 [Test worker] DEBUG org.springframework.test.context.support.AbstractContextLoader - Did not detect default resource location for test class [com.heven.calculator.CalculatorApplicationTests]: class path resource [com/heven/calculator/CalculatorApplicationTestsContext.groovy] does not exist
19:48:07.967 [Test worker] INFO org.springframework.test.context.support.AbstractContextLoader - Could not detect default resource locations for test class [com.heven.calculator.CalculatorApplicationTests]: no resource found for suffixes {-context.xml, Context.groovy}.
19:48:07.968 [Test worker] INFO org.springframework.test.context.support.AnnotationConfigContextLoaderUtils - Could not detect default configuration classes for test class [com.heven.calculator.CalculatorApplicationTests]: CalculatorApplicationTests does not declare any static, non-private, non-final, nested classes annotated with @Configuration.
19:48:08.079 [Test worker] DEBUG org.springframework.test.context.support.ActiveProfilesUtils - Could not find an 'annotation declaring class' for annotation type [org.springframework.test.context.ActiveProfiles] and class [com.heven.calculator.CalculatorApplicationTests]
19:48:08.237 [Test worker] DEBUG org.springframework.context.annotation.ClassPathScanningCandidateComponentProvider - Identified candidate component class: file [/home/heven/calculator/build/classes/java/main/com/heven/calculator/CalculatorApplication.class]
19:48:08.252 [Test worker] INFO org.springframework.boot.test.context.SpringBootTestContextBootstrapper - Found @SpringBootConfiguration com.heven.calculator.CalculatorApplication for test class com.heven.calculator.CalculatorApplicationTests
19:48:08.562 [Test worker] DEBUG org.springframework.boot.test.context.SpringBootTestContextBootstrapper - @TestExecutionListeners is not present for class [com.heven.calculator.CalculatorApplicationTests]: using defaults.
19:48:08.563 [Test worker] INFO org.springframework.boot.test.context.SpringBootTestContextBootstrapper - Loaded default TestExecutionListener class names from location [META-INF/spring.factories]: [org.springframework.boot.test.autoconfigure.restdocs.RestDocsTestExecutionListener, org.springframework.boot.test.autoconfigure.web.client.MockRestServiceServerResetTestExecutionListener, org.springframework.boot.test.autoconfigure.web.servlet.MockMvcPrintOnlyOnFailureTestExecutionListener, org.springframework.boot.test.autoconfigure.web.servlet.WebDriverTestExecutionListener, org.springframework.boot.test.autoconfigure.webservices.client.MockWebServiceServerTestExecutionListener, org.springframework.boot.test.mock.mockito.MockitoTestExecutionListener, org.springframework.boot.test.mock.mockito.ResetMocksTestExecutionListener, org.springframework.test.context.web.ServletTestExecutionListener, org.springframework.test.context.support.DirtiesContextBeforeModesTestExecutionListener, org.springframework.test.context.event.ApplicationEventsTestExecutionListener, org.springframework.test.context.support.DependencyInjectionTestExecutionListener, org.springframework.test.context.support.DirtiesContextTestExecutionListener, org.springframework.test.context.transaction.TransactionalTestExecutionListener, org.springframework.test.context.jdbc.SqlScriptsTestExecutionListener, org.springframework.test.context.event.EventPublishingTestExecutionListener]
19:48:08.606 [Test worker] DEBUG org.springframework.boot.test.context.SpringBootTestContextBootstrapper - Skipping candidate TestExecutionListener [org.springframework.test.context.transaction.TransactionalTestExecutionListener] due to a missing dependency. Specify custom listener classes or make the default listener classes and their required dependencies available. Offending class: [org/springframework/transaction/interceptor/TransactionAttributeSource]
19:48:08.607 [Test worker] DEBUG org.springframework.boot.test.context.SpringBootTestContextBootstrapper - Skipping candidate TestExecutionListener [org.springframework.test.context.jdbc.SqlScriptsTestExecutionListener] due to a missing dependency. Specify custom listener classes or make the default listener classes and their required dependencies available. Offending class: [org/springframework/transaction/interceptor/TransactionAttribute]
19:48:08.607 [Test worker] INFO org.springframework.boot.test.context.SpringBootTestContextBootstrapper - Using TestExecutionListeners: [org.springframework.test.context.web.ServletTestExecutionListener@7ec5aad, org.springframework.test.context.support.DirtiesContextBeforeModesTestExecutionListener@625f5712, org.springframework.test.context.event.ApplicationEventsTestExecutionListener@5e62ca19, org.springframework.boot.test.mock.mockito.MockitoTestExecutionListener@188bf4d8, org.springframework.boot.test.autoconfigure.SpringBootDependencyInjectionTestExecutionListener@7dd7ec56, org.springframework.test.context.support.DirtiesContextTestExecutionListener@6528d339, org.springframework.test.context.event.EventPublishingTestExecutionListener@2dd2ff87, org.springframework.boot.test.autoconfigure.restdocs.RestDocsTestExecutionListener@6a38e3d1, org.springframework.boot.test.autoconfigure.web.client.MockRestServiceServerResetTestExecutionListener@28cf179c, org.springframework.boot.test.autoconfigure.web.servlet.MockMvcPrintOnlyOnFailureTestExecutionListener@bdda8a7, org.springframework.boot.test.autoconfigure.web.servlet.WebDriverTestExecutionListener@3149409c, org.springframework.boot.test.autoconfigure.webservices.client.MockWebServiceServerTestExecutionListener@1c421b0f, org.springframework.boot.test.mock.mockito.ResetMocksTestExecutionListener@4ce18cec]
19:48:08.621 [Test worker] DEBUG org.springframework.test.context.support.AbstractDirtiesContextTestExecutionListener - Before test class: context [DefaultTestContext@4e030feb testClass = CalculatorApplicationTests, testInstance = [null], testMethod = [null], testException = [null], mergedContextConfiguration = [WebMergedContextConfiguration@2411b935 testClass = CalculatorApplicationTests, locations = '{}', classes = '{class com.heven.calculator.CalculatorApplication}', contextInitializerClasses = '[]', activeProfiles = '{}', propertySourceLocations = '{}', propertySourceProperties = '{org.springframework.boot.test.context.SpringBootTestContextBootstrapper=true}', contextCustomizers = set[org.springframework.boot.test.autoconfigure.actuate.metrics.MetricsExportContextCustomizerFactory$DisableMetricExportContextCustomizer@601eb4af, org.springframework.boot.test.autoconfigure.properties.PropertyMappingContextCustomizer@0, org.springframework.boot.test.autoconfigure.web.servlet.WebDriverContextCustomizerFactory$Customizer@38883a31, org.springframework.boot.test.context.filter.ExcludeFilterContextCustomizer@5e1a5f, org.springframework.boot.test.json.DuplicateJsonObjectContextCustomizerFactory$DuplicateJsonObjectContextCustomizer@2f95653f, org.springframework.boot.test.mock.mockito.MockitoContextCustomizer@0, org.springframework.boot.test.web.client.TestRestTemplateContextCustomizer@1e00bfe2, org.springframework.boot.test.context.SpringBootTestArgs@1, org.springframework.boot.test.context.SpringBootTestWebEnvironment@19593091], resourceBasePath = 'src/main/webapp', contextLoader = 'org.springframework.boot.test.context.SpringBootContextLoader', parent = [null]], attributes = map['org.springframework.test.context.web.ServletTestExecutionListener.activateListener' -> true]], class annotated with @DirtiesContext [false] with mode [null].
19:48:08.750 [Test worker] DEBUG org.springframework.test.context.support.TestPropertySourceUtils - Adding inlined properties to environment: {spring.jmx.enabled=false, org.springframework.boot.test.context.SpringBootTestContextBootstrapper=true}

  .   ____          _            __ _ _
 /\\ / ___'_ __ _ _(_)_ __  __ _ \ \ \ \
( ( )\___ | '_ | '_| | '_ \/ _` | \ \ \ \
 \\/  ___)| |_)| | | | | || (_| |  ) ) ) )
  '  |____| .__|_| |_|_| |_\__, | / / / /
 =========|_|==============|___/=/_/_/_/
 :: Spring Boot ::                (v2.5.6)

2021-11-04 19:48:09.622  INFO 38340 --- [    Test worker] c.h.c.CalculatorApplicationTests         : Starting CalculatorApplicationTests using Java 1.8.0_312 on shayla with PID 38340 (started by root in /home/heven/calculator)
2021-11-04 19:48:09.629  INFO 38340 --- [    Test worker] c.h.c.CalculatorApplicationTests         : No active profile set, falling back to default profiles: default
2021-11-04 19:48:13.136  INFO 38340 --- [    Test worker] c.h.c.CalculatorApplicationTests         : Started CalculatorApplicationTests in 4.351 seconds (JVM running for 7.475)
]]></system-out>
  <system-err><![CDATA[]]></system-err>
</testsuite>
