<?xml version="1.0" encoding="UTF-8"?>
<testsuite name="com.heven.calculator.CalculatorApplicationTests" tests="1" skipped="0" failures="0" errors="0" timestamp="2021-11-19T21:25:27" hostname="shayla" time="1.038">
  <properties/>
  <testcase name="contextLoads()" classname="com.heven.calculator.CalculatorApplicationTests" time="1.038"/>
  <system-out><![CDATA[21:25:19.414 [Test worker] DEBUG org.springframework.test.context.BootstrapUtils - Instantiating CacheAwareContextLoaderDelegate from class [org.springframework.test.context.cache.DefaultCacheAwareContextLoaderDelegate]
21:25:19.470 [Test worker] DEBUG org.springframework.test.context.BootstrapUtils - Instantiating BootstrapContext using constructor [public org.springframework.test.context.support.DefaultBootstrapContext(java.lang.Class,org.springframework.test.context.CacheAwareContextLoaderDelegate)]
21:25:19.600 [Test worker] DEBUG org.springframework.test.context.BootstrapUtils - Instantiating TestContextBootstrapper for test class [com.heven.calculator.CalculatorApplicationTests] from class [org.springframework.boot.test.context.SpringBootTestContextBootstrapper]
21:25:19.680 [Test worker] INFO org.springframework.boot.test.context.SpringBootTestContextBootstrapper - Neither @ContextConfiguration nor @ContextHierarchy found for test class [com.heven.calculator.CalculatorApplicationTests], using SpringBootContextLoader
21:25:19.706 [Test worker] DEBUG org.springframework.test.context.support.AbstractContextLoader - Did not detect default resource location for test class [com.heven.calculator.CalculatorApplicationTests]: class path resource [com/heven/calculator/CalculatorApplicationTests-context.xml] does not exist
21:25:19.707 [Test worker] DEBUG org.springframework.test.context.support.AbstractContextLoader - Did not detect default resource location for test class [com.heven.calculator.CalculatorApplicationTests]: class path resource [com/heven/calculator/CalculatorApplicationTestsContext.groovy] does not exist
21:25:19.708 [Test worker] INFO org.springframework.test.context.support.AbstractContextLoader - Could not detect default resource locations for test class [com.heven.calculator.CalculatorApplicationTests]: no resource found for suffixes {-context.xml, Context.groovy}.
21:25:19.710 [Test worker] INFO org.springframework.test.context.support.AnnotationConfigContextLoaderUtils - Could not detect default configuration classes for test class [com.heven.calculator.CalculatorApplicationTests]: CalculatorApplicationTests does not declare any static, non-private, non-final, nested classes annotated with @Configuration.
21:25:19.893 [Test worker] DEBUG org.springframework.test.context.support.ActiveProfilesUtils - Could not find an 'annotation declaring class' for annotation type [org.springframework.test.context.ActiveProfiles] and class [com.heven.calculator.CalculatorApplicationTests]
21:25:20.080 [Test worker] DEBUG org.springframework.context.annotation.ClassPathScanningCandidateComponentProvider - Identified candidate component class: file [/home/heven/calculator/build/classes/java/main/com/heven/calculator/CalculatorApplication.class]
21:25:20.110 [Test worker] INFO org.springframework.boot.test.context.SpringBootTestContextBootstrapper - Found @SpringBootConfiguration com.heven.calculator.CalculatorApplication for test class com.heven.calculator.CalculatorApplicationTests
21:25:20.879 [Test worker] DEBUG org.springframework.boot.test.context.SpringBootTestContextBootstrapper - @TestExecutionListeners is not present for class [com.heven.calculator.CalculatorApplicationTests]: using defaults.
21:25:20.888 [Test worker] INFO org.springframework.boot.test.context.SpringBootTestContextBootstrapper - Loaded default TestExecutionListener class names from location [META-INF/spring.factories]: [org.springframework.boot.test.autoconfigure.restdocs.RestDocsTestExecutionListener, org.springframework.boot.test.autoconfigure.web.client.MockRestServiceServerResetTestExecutionListener, org.springframework.boot.test.autoconfigure.web.servlet.MockMvcPrintOnlyOnFailureTestExecutionListener, org.springframework.boot.test.autoconfigure.web.servlet.WebDriverTestExecutionListener, org.springframework.boot.test.autoconfigure.webservices.client.MockWebServiceServerTestExecutionListener, org.springframework.boot.test.mock.mockito.MockitoTestExecutionListener, org.springframework.boot.test.mock.mockito.ResetMocksTestExecutionListener, org.springframework.test.context.web.ServletTestExecutionListener, org.springframework.test.context.support.DirtiesContextBeforeModesTestExecutionListener, org.springframework.test.context.event.ApplicationEventsTestExecutionListener, org.springframework.test.context.support.DependencyInjectionTestExecutionListener, org.springframework.test.context.support.DirtiesContextTestExecutionListener, org.springframework.test.context.transaction.TransactionalTestExecutionListener, org.springframework.test.context.jdbc.SqlScriptsTestExecutionListener, org.springframework.test.context.event.EventPublishingTestExecutionListener]
21:25:20.945 [Test worker] DEBUG org.springframework.boot.test.context.SpringBootTestContextBootstrapper - Skipping candidate TestExecutionListener [org.springframework.test.context.transaction.TransactionalTestExecutionListener] due to a missing dependency. Specify custom listener classes or make the default listener classes and their required dependencies available. Offending class: [org/springframework/transaction/interceptor/TransactionAttributeSource]
21:25:20.946 [Test worker] DEBUG org.springframework.boot.test.context.SpringBootTestContextBootstrapper - Skipping candidate TestExecutionListener [org.springframework.test.context.jdbc.SqlScriptsTestExecutionListener] due to a missing dependency. Specify custom listener classes or make the default listener classes and their required dependencies available. Offending class: [org/springframework/transaction/interceptor/TransactionAttribute]
21:25:20.947 [Test worker] INFO org.springframework.boot.test.context.SpringBootTestContextBootstrapper - Using TestExecutionListeners: [org.springframework.test.context.web.ServletTestExecutionListener@694b1ddb, org.springframework.test.context.support.DirtiesContextBeforeModesTestExecutionListener@5690c2a8, org.springframework.test.context.event.ApplicationEventsTestExecutionListener@17e2835c, org.springframework.boot.test.mock.mockito.MockitoTestExecutionListener@4d2bc56a, org.springframework.boot.test.autoconfigure.SpringBootDependencyInjectionTestExecutionListener@7cbfbcd1, org.springframework.test.context.support.DirtiesContextTestExecutionListener@2c6aa46c, org.springframework.test.context.event.EventPublishingTestExecutionListener@2f112ade, org.springframework.boot.test.autoconfigure.restdocs.RestDocsTestExecutionListener@3c82bac3, org.springframework.boot.test.autoconfigure.web.client.MockRestServiceServerResetTestExecutionListener@3ddac0b6, org.springframework.boot.test.autoconfigure.web.servlet.MockMvcPrintOnlyOnFailureTestExecutionListener@446a5aa5, org.springframework.boot.test.autoconfigure.web.servlet.WebDriverTestExecutionListener@628bcf2c, org.springframework.boot.test.autoconfigure.webservices.client.MockWebServiceServerTestExecutionListener@4b76251c, org.springframework.boot.test.mock.mockito.ResetMocksTestExecutionListener@20c283b4]
21:25:20.961 [Test worker] DEBUG org.springframework.test.context.support.AbstractDirtiesContextTestExecutionListener - Before test class: context [DefaultTestContext@dbca149 testClass = CalculatorApplicationTests, testInstance = [null], testMethod = [null], testException = [null], mergedContextConfiguration = [WebMergedContextConfiguration@68550d86 testClass = CalculatorApplicationTests, locations = '{}', classes = '{class com.heven.calculator.CalculatorApplication}', contextInitializerClasses = '[]', activeProfiles = '{}', propertySourceLocations = '{}', propertySourceProperties = '{org.springframework.boot.test.context.SpringBootTestContextBootstrapper=true}', contextCustomizers = set[org.springframework.boot.test.autoconfigure.actuate.metrics.MetricsExportContextCustomizerFactory$DisableMetricExportContextCustomizer@75bd28d, org.springframework.boot.test.autoconfigure.properties.PropertyMappingContextCustomizer@0, org.springframework.boot.test.autoconfigure.web.servlet.WebDriverContextCustomizerFactory$Customizer@245cb8df, org.springframework.boot.test.context.filter.ExcludeFilterContextCustomizer@79195c22, org.springframework.boot.test.json.DuplicateJsonObjectContextCustomizerFactory$DuplicateJsonObjectContextCustomizer@4863c8ac, org.springframework.boot.test.mock.mockito.MockitoContextCustomizer@0, org.springframework.boot.test.web.client.TestRestTemplateContextCustomizer@23121d14, org.springframework.boot.test.context.SpringBootTestArgs@1, org.springframework.boot.test.context.SpringBootTestWebEnvironment@234a8f27], resourceBasePath = 'src/main/webapp', contextLoader = 'org.springframework.boot.test.context.SpringBootContextLoader', parent = [null]], attributes = map['org.springframework.test.context.web.ServletTestExecutionListener.activateListener' -> true]], class annotated with @DirtiesContext [false] with mode [null].
21:25:21.090 [Test worker] DEBUG org.springframework.test.context.support.TestPropertySourceUtils - Adding inlined properties to environment: {spring.jmx.enabled=false, org.springframework.boot.test.context.SpringBootTestContextBootstrapper=true}

  .   ____          _            __ _ _
 /\\ / ___'_ __ _ _(_)_ __  __ _ \ \ \ \
( ( )\___ | '_ | '_| | '_ \/ _` | \ \ \ \
 \\/  ___)| |_)| | | | | || (_| |  ) ) ) )
  '  |____| .__|_| |_|_| |_\__, | / / / /
 =========|_|==============|___/=/_/_/_/
 :: Spring Boot ::                (v2.5.6)

2021-11-19 21:25:21.938  INFO 35644 --- [    Test worker] c.h.c.CalculatorApplicationTests         : Starting CalculatorApplicationTests using Java 11.0.13 on shayla with PID 35644 (started by root in /home/heven/calculator)
2021-11-19 21:25:21.943  INFO 35644 --- [    Test worker] c.h.c.CalculatorApplicationTests         : No active profile set, falling back to default profiles: default
2021-11-19 21:25:27.108  INFO 35644 --- [    Test worker] c.h.c.CalculatorApplicationTests         : Started CalculatorApplicationTests in 5.99 seconds (JVM running for 12.078)
]]></system-out>
  <system-err><![CDATA[]]></system-err>
</testsuite>
