<?xml version="1.0" encoding="UTF-8"?>
<testsuite name="com.heven.calculator.CalculatorTest" tests="1" skipped="0" failures="0" errors="0" timestamp="2021-11-19T21:25:28" hostname="shayla" time="0.012">
  <properties/>
  <testcase name="testSum()" classname="com.heven.calculator.CalculatorTest" time="0.012"/>
  <system-out><![CDATA[]]></system-out>
  <system-err><![CDATA[]]></system-err>
</testsuite>
