<?xml version="1.0" encoding="UTF-8"?>
<testsuite name="com.heven.calculator.CalculatorTest" tests="1" skipped="0" failures="0" errors="0" timestamp="2021-11-02T18:27:12" hostname="shayla" time="0.003">
  <properties/>
  <testcase name="testSum()" classname="com.heven.calculator.CalculatorTest" time="0.003"/>
  <system-out><![CDATA[]]></system-out>
  <system-err><![CDATA[]]></system-err>
</testsuite>
