<?xml version="1.0" encoding="UTF-8"?>
<testsuite name="com.heven.calculator.CalculatorApplicationTests" tests="1" skipped="0" failures="0" errors="0" timestamp="2021-11-02T18:27:12" hostname="shayla" time="0.465">
  <properties/>
  <testcase name="contextLoads()" classname="com.heven.calculator.CalculatorApplicationTests" time="0.465"/>
  <system-out><![CDATA[18:27:07.803 [Test worker] DEBUG org.springframework.test.context.BootstrapUtils - Instantiating CacheAwareContextLoaderDelegate from class [org.springframework.test.context.cache.DefaultCacheAwareContextLoaderDelegate]
18:27:07.818 [Test worker] DEBUG org.springframework.test.context.BootstrapUtils - Instantiating BootstrapContext using constructor [public org.springframework.test.context.support.DefaultBootstrapContext(java.lang.Class,org.springframework.test.context.CacheAwareContextLoaderDelegate)]
18:27:07.859 [Test worker] DEBUG org.springframework.test.context.BootstrapUtils - Instantiating TestContextBootstrapper for test class [com.heven.calculator.CalculatorApplicationTests] from class [org.springframework.boot.test.context.SpringBootTestContextBootstrapper]
18:27:07.877 [Test worker] INFO org.springframework.boot.test.context.SpringBootTestContextBootstrapper - Neither @ContextConfiguration nor @ContextHierarchy found for test class [com.heven.calculator.CalculatorApplicationTests], using SpringBootContextLoader
18:27:07.882 [Test worker] DEBUG org.springframework.test.context.support.AbstractContextLoader - Did not detect default resource location for test class [com.heven.calculator.CalculatorApplicationTests]: class path resource [com/heven/calculator/CalculatorApplicationTests-context.xml] does not exist
18:27:07.882 [Test worker] DEBUG org.springframework.test.context.support.AbstractContextLoader - Did not detect default resource location for test class [com.heven.calculator.CalculatorApplicationTests]: class path resource [com/heven/calculator/CalculatorApplicationTestsContext.groovy] does not exist
18:27:07.882 [Test worker] INFO org.springframework.test.context.support.AbstractContextLoader - Could not detect default resource locations for test class [com.heven.calculator.CalculatorApplicationTests]: no resource found for suffixes {-context.xml, Context.groovy}.
18:27:07.883 [Test worker] INFO org.springframework.test.context.support.AnnotationConfigContextLoaderUtils - Could not detect default configuration classes for test class [com.heven.calculator.CalculatorApplicationTests]: CalculatorApplicationTests does not declare any static, non-private, non-final, nested classes annotated with @Configuration.
18:27:07.964 [Test worker] DEBUG org.springframework.test.context.support.ActiveProfilesUtils - Could not find an 'annotation declaring class' for annotation type [org.springframework.test.context.ActiveProfiles] and class [com.heven.calculator.CalculatorApplicationTests]
18:27:08.074 [Test worker] DEBUG org.springframework.context.annotation.ClassPathScanningCandidateComponentProvider - Identified candidate component class: file [/home/heven/calculator/build/classes/java/main/com/heven/calculator/CalculatorApplication.class]
18:27:08.088 [Test worker] INFO org.springframework.boot.test.context.SpringBootTestContextBootstrapper - Found @SpringBootConfiguration com.heven.calculator.CalculatorApplication for test class com.heven.calculator.CalculatorApplicationTests
18:27:08.253 [Test worker] DEBUG org.springframework.boot.test.context.SpringBootTestContextBootstrapper - @TestExecutionListeners is not present for class [com.heven.calculator.CalculatorApplicationTests]: using defaults.
18:27:08.254 [Test worker] INFO org.springframework.boot.test.context.SpringBootTestContextBootstrapper - Loaded default TestExecutionListener class names from location [META-INF/spring.factories]: [org.springframework.boot.test.autoconfigure.restdocs.RestDocsTestExecutionListener, org.springframework.boot.test.autoconfigure.web.client.MockRestServiceServerResetTestExecutionListener, org.springframework.boot.test.autoconfigure.web.servlet.MockMvcPrintOnlyOnFailureTestExecutionListener, org.springframework.boot.test.autoconfigure.web.servlet.WebDriverTestExecutionListener, org.springframework.boot.test.autoconfigure.webservices.client.MockWebServiceServerTestExecutionListener, org.springframework.boot.test.mock.mockito.MockitoTestExecutionListener, org.springframework.boot.test.mock.mockito.ResetMocksTestExecutionListener, org.springframework.test.context.web.ServletTestExecutionListener, org.springframework.test.context.support.DirtiesContextBeforeModesTestExecutionListener, org.springframework.test.context.event.ApplicationEventsTestExecutionListener, org.springframework.test.context.support.DependencyInjectionTestExecutionListener, org.springframework.test.context.support.DirtiesContextTestExecutionListener, org.springframework.test.context.transaction.TransactionalTestExecutionListener, org.springframework.test.context.jdbc.SqlScriptsTestExecutionListener, org.springframework.test.context.event.EventPublishingTestExecutionListener]
18:27:08.277 [Test worker] DEBUG org.springframework.boot.test.context.SpringBootTestContextBootstrapper - Skipping candidate TestExecutionListener [org.springframework.test.context.transaction.TransactionalTestExecutionListener] due to a missing dependency. Specify custom listener classes or make the default listener classes and their required dependencies available. Offending class: [org/springframework/transaction/TransactionDefinition]
18:27:08.278 [Test worker] DEBUG org.springframework.boot.test.context.SpringBootTestContextBootstrapper - Skipping candidate TestExecutionListener [org.springframework.test.context.jdbc.SqlScriptsTestExecutionListener] due to a missing dependency. Specify custom listener classes or make the default listener classes and their required dependencies available. Offending class: [org/springframework/transaction/interceptor/TransactionAttribute]
18:27:08.278 [Test worker] INFO org.springframework.boot.test.context.SpringBootTestContextBootstrapper - Using TestExecutionListeners: [org.springframework.test.context.web.ServletTestExecutionListener@4241e0f4, org.springframework.test.context.support.DirtiesContextBeforeModesTestExecutionListener@4ebff610, org.springframework.test.context.event.ApplicationEventsTestExecutionListener@60410cd, org.springframework.boot.test.mock.mockito.MockitoTestExecutionListener@44d52de2, org.springframework.boot.test.autoconfigure.SpringBootDependencyInjectionTestExecutionListener@95e33cc, org.springframework.test.context.support.DirtiesContextTestExecutionListener@38604b81, org.springframework.test.context.event.EventPublishingTestExecutionListener@1e44b638, org.springframework.boot.test.autoconfigure.restdocs.RestDocsTestExecutionListener@7393222f, org.springframework.boot.test.autoconfigure.web.client.MockRestServiceServerResetTestExecutionListener@babafc2, org.springframework.boot.test.autoconfigure.web.servlet.MockMvcPrintOnlyOnFailureTestExecutionListener@31add175, org.springframework.boot.test.autoconfigure.web.servlet.WebDriverTestExecutionListener@ae3540e, org.springframework.boot.test.autoconfigure.webservices.client.MockWebServiceServerTestExecutionListener@600b9d27, org.springframework.boot.test.mock.mockito.ResetMocksTestExecutionListener@3688eb5b]
18:27:08.291 [Test worker] DEBUG org.springframework.test.context.support.AbstractDirtiesContextTestExecutionListener - Before test class: context [DefaultTestContext@6bc407fd testClass = CalculatorApplicationTests, testInstance = [null], testMethod = [null], testException = [null], mergedContextConfiguration = [WebMergedContextConfiguration@291f18 testClass = CalculatorApplicationTests, locations = '{}', classes = '{class com.heven.calculator.CalculatorApplication}', contextInitializerClasses = '[]', activeProfiles = '{}', propertySourceLocations = '{}', propertySourceProperties = '{org.springframework.boot.test.context.SpringBootTestContextBootstrapper=true}', contextCustomizers = set[org.springframework.boot.test.autoconfigure.actuate.metrics.MetricsExportContextCustomizerFactory$DisableMetricExportContextCustomizer@4b0d79fc, org.springframework.boot.test.autoconfigure.properties.PropertyMappingContextCustomizer@0, org.springframework.boot.test.autoconfigure.web.servlet.WebDriverContextCustomizerFactory$Customizer@534a5a98, org.springframework.boot.test.context.filter.ExcludeFilterContextCustomizer@5e600dd5, org.springframework.boot.test.json.DuplicateJsonObjectContextCustomizerFactory$DuplicateJsonObjectContextCustomizer@2e3967ea, org.springframework.boot.test.mock.mockito.MockitoContextCustomizer@0, org.springframework.boot.test.web.client.TestRestTemplateContextCustomizer@1ffaf86, org.springframework.boot.test.context.SpringBootTestArgs@1, org.springframework.boot.test.context.SpringBootTestWebEnvironment@13acb0d1], resourceBasePath = 'src/main/webapp', contextLoader = 'org.springframework.boot.test.context.SpringBootContextLoader', parent = [null]], attributes = map['org.springframework.test.context.web.ServletTestExecutionListener.activateListener' -> true]], class annotated with @DirtiesContext [false] with mode [null].
18:27:08.348 [Test worker] DEBUG org.springframework.test.context.support.TestPropertySourceUtils - Adding inlined properties to environment: {spring.jmx.enabled=false, org.springframework.boot.test.context.SpringBootTestContextBootstrapper=true}

  .   ____          _            __ _ _
 /\\ / ___'_ __ _ _(_)_ __  __ _ \ \ \ \
( ( )\___ | '_ | '_| | '_ \/ _` | \ \ \ \
 \\/  ___)| |_)| | | | | || (_| |  ) ) ) )
  '  |____| .__|_| |_|_| |_\__, | / / / /
 =========|_|==============|___/=/_/_/_/
 :: Spring Boot ::                (v2.5.6)

2021-11-02 18:27:08.873  INFO 1028 --- [    Test worker] c.h.c.CalculatorApplicationTests         : Starting CalculatorApplicationTests using Java 1.8.0_312 on shayla with PID 1028 (started by root in /home/heven/calculator)
2021-11-02 18:27:08.875  INFO 1028 --- [    Test worker] c.h.c.CalculatorApplicationTests         : No active profile set, falling back to default profiles: default
2021-11-02 18:27:12.357  INFO 1028 --- [    Test worker] c.h.c.CalculatorApplicationTests         : Started CalculatorApplicationTests in 3.957 seconds (JVM running for 6.129)
]]></system-out>
  <system-err><![CDATA[]]></system-err>
</testsuite>
